<?xml version="1.0" encoding="UTF-8"?>
<testng-results skipped="0" failed="0" ignored="0" total="2" passed="2">
  <reporter-output>
  </reporter-output>
  <suite name="Default suite" duration-ms="36" started-at="2019-05-29T02:02:29Z" finished-at="2019-05-29T02:02:29Z">
    <groups>
    </groups>
    <test name="Default test" duration-ms="36" started-at="2019-05-29T02:02:29Z" finished-at="2019-05-29T02:02:29Z">
      <class name="com.class01.beforeAndAfterMethod">
        <test-method status="PASS" signature="beforeMethod()[pri:0, instance:com.class01.beforeAndAfterMethod@9629756]" name="beforeMethod" is-config="true" duration-ms="5" started-at="2019-05-29T02:02:29Z" finished-at="2019-05-29T02:02:29Z">
          <reporter-output>
          </reporter-output>
        </test-method> <!-- beforeMethod -->
        <test-method status="PASS" signature="testMethodOne()[pri:0, instance:com.class01.beforeAndAfterMethod@9629756]" name="testMethodOne" duration-ms="6" started-at="2019-05-29T02:02:29Z" finished-at="2019-05-29T02:02:29Z">
          <reporter-output>
          </reporter-output>
        </test-method> <!-- testMethodOne -->
        <test-method status="PASS" signature="afterMethod()[pri:0, instance:com.class01.beforeAndAfterMethod@9629756]" name="afterMethod" is-config="true" duration-ms="1" started-at="2019-05-29T02:02:29Z" finished-at="2019-05-29T02:02:29Z">
          <reporter-output>
          </reporter-output>
        </test-method> <!-- afterMethod -->
        <test-method status="PASS" signature="beforeMethod()[pri:0, instance:com.class01.beforeAndAfterMethod@9629756]" name="beforeMethod" is-config="true" duration-ms="1" started-at="2019-05-29T02:02:29Z" finished-at="2019-05-29T02:02:29Z">
          <reporter-output>
          </reporter-output>
        </test-method> <!-- beforeMethod -->
        <test-method status="PASS" signature="testMethodTwo()[pri:0, instance:com.class01.beforeAndAfterMethod@9629756]" name="testMethodTwo" duration-ms="1" started-at="2019-05-29T02:02:29Z" finished-at="2019-05-29T02:02:29Z">
          <reporter-output>
          </reporter-output>
        </test-method> <!-- testMethodTwo -->
        <test-method status="PASS" signature="afterMethod()[pri:0, instance:com.class01.beforeAndAfterMethod@9629756]" name="afterMethod" is-config="true" duration-ms="0" started-at="2019-05-29T02:02:29Z" finished-at="2019-05-29T02:02:29Z">
          <reporter-output>
          </reporter-output>
        </test-method> <!-- afterMethod -->
      </class> <!-- com.class01.beforeAndAfterMethod -->
    </test> <!-- Default test -->
  </suite> <!-- Default suite -->
</testng-results>
