<?xml version="1.0" encoding="UTF-8"?>
<testng-results skipped="0" failed="0" ignored="0" total="1" passed="1">
  <reporter-output>
  </reporter-output>
  <suite name="Default suite" duration-ms="21774" started-at="2019-06-02T16:27:20Z" finished-at="2019-06-02T16:27:42Z">
    <groups>
    </groups>
    <test name="Default test" duration-ms="21774" started-at="2019-06-02T16:27:20Z" finished-at="2019-06-02T16:27:42Z">
      <class name="com.class12.FlightSearch">
        <test-method status="PASS" signature="setUP()[pri:0, instance:com.class12.FlightSearch@cc285f4]" name="setUP" is-config="true" duration-ms="10336" started-at="2019-06-02T16:27:20Z" finished-at="2019-06-02T16:27:31Z">
          <reporter-output>
          </reporter-output>
        </test-method> <!-- setUP -->
        <test-method status="PASS" signature="searchFlight()[pri:0, instance:com.class12.FlightSearch@cc285f4]" name="searchFlight" duration-ms="10582" started-at="2019-06-02T16:27:31Z" finished-at="2019-06-02T16:27:41Z">
          <reporter-output>
          </reporter-output>
        </test-method> <!-- searchFlight -->
        <test-method status="PASS" signature="tearDown()[pri:0, instance:com.class12.FlightSearch@cc285f4]" name="tearDown" is-config="true" duration-ms="826" started-at="2019-06-02T16:27:41Z" finished-at="2019-06-02T16:27:42Z">
          <reporter-output>
          </reporter-output>
        </test-method> <!-- tearDown -->
      </class> <!-- com.class12.FlightSearch -->
    </test> <!-- Default test -->
  </suite> <!-- Default suite -->
</testng-results>
